c:\users\ryan\documents\visual studio 2013\projects\componentsdll\componentsdll\release\componentsdll.pch
c:\users\ryan\documents\visual studio 2013\projects\componentsdll\componentsdll\release\vc140.pdb
c:\users\ryan\documents\visual studio 2013\projects\componentsdll\componentsdll\release\stdafx.obj
c:\users\ryan\documents\visual studio 2013\projects\componentsdll\componentsdll\release\vc120.pdb
c:\users\ryan\documents\visual studio 2013\projects\componentsdll\componentsdll\release\vector3.obj
c:\users\ryan\documents\visual studio 2013\projects\componentsdll\componentsdll\release\transformcomponent.obj
c:\users\ryan\documents\visual studio 2013\projects\componentsdll\componentsdll\release\rigidbody.obj
c:\users\ryan\documents\visual studio 2013\projects\componentsdll\componentsdll\release\particlecomponent.obj
c:\users\ryan\documents\visual studio 2013\projects\componentsdll\componentsdll\release\componentsdll.obj
c:\users\ryan\documents\visual studio 2013\projects\componentsdll\componentsdll\release\appearancecomponent.obj
c:\users\ryan\documents\visual studio 2013\projects\componentsdll\componentsdll\release\dllmain.obj
c:\users\ryan\documents\visual studio 2013\projects\componentsdll\componentsdll\release\quaternion.obj
c:\users\ryan\documents\visual studio 2013\projects\componentsdll\release\componentsdll.lib
c:\users\ryan\documents\visual studio 2013\projects\componentsdll\release\componentsdll.exp
c:\users\ryan\documents\visual studio 2013\projects\componentsdll\release\componentsdll.pdb
c:\users\ryan\documents\visual studio 2013\projects\componentsdll\componentsdll\release\componentsdll.tlog\cl.command.1.tlog
c:\users\ryan\documents\visual studio 2013\projects\componentsdll\componentsdll\release\componentsdll.tlog\cl.read.1.tlog
c:\users\ryan\documents\visual studio 2013\projects\componentsdll\componentsdll\release\componentsdll.tlog\cl.write.1.tlog
c:\users\ryan\documents\visual studio 2013\projects\componentsdll\componentsdll\release\componentsdll.tlog\componentsdll.write.1u.tlog
c:\users\ryan\documents\visual studio 2013\projects\componentsdll\componentsdll\release\componentsdll.tlog\link-cvtres.read.1.tlog
c:\users\ryan\documents\visual studio 2013\projects\componentsdll\componentsdll\release\componentsdll.tlog\link-cvtres.write.1.tlog
c:\users\ryan\documents\visual studio 2013\projects\componentsdll\componentsdll\release\componentsdll.tlog\link-rc.read.1.tlog
c:\users\ryan\documents\visual studio 2013\projects\componentsdll\componentsdll\release\componentsdll.tlog\link-rc.write.1.tlog
c:\users\ryan\documents\visual studio 2013\projects\componentsdll\componentsdll\release\componentsdll.tlog\link.command.1.tlog
c:\users\ryan\documents\visual studio 2013\projects\componentsdll\componentsdll\release\componentsdll.tlog\link.read.1.tlog
c:\users\ryan\documents\visual studio 2013\projects\componentsdll\componentsdll\release\componentsdll.tlog\link.read.4.tlog
c:\users\ryan\documents\visual studio 2013\projects\componentsdll\componentsdll\release\componentsdll.tlog\link.write.1.tlog
