Build started 24/03/2016 09:00:03.
     1>Project "C:\Users\Ryan\Documents\Visual Studio 2013\Projects\ComponentsDll\ComponentsDll\ComponentsDll.vcxproj" on node 2 (Build target(s)).
     1>ClCompile:
         C:\Program Files (x86)\Microsoft Visual Studio 12.0\VC\bin\CL.exe /c /ZI /nologo /W3 /WX- /sdl /Od /Oy- /D WIN32 /D _DEBUG /D _WINDOWS /D _USRDLL /D COMPONENTSDLL_EXPORTS /D _WINDLL /D _UNICODE /D UNICODE /Gm /EHsc /RTC1 /MDd /GS /fp:precise /Zc:wchar_t /Zc:forScope /Yu"stdafx.h" /Fp"Debug\ComponentsDll.pch" /Fo"Debug\\" /Fd"Debug\vc120.pdb" /Gd /TP /analyze- /errorReport:prompt ParticleComponent.cpp ParticleContact.cpp
         ParticleComponent.cpp
     1>c:\users\ryan\documents\visual studio 2013\projects\componentsdll\componentsdll\particlecomponent.cpp(59): warning C4244: '+=' : conversion from 'double' to 'float', possible loss of data
     1>c:\users\ryan\documents\visual studio 2013\projects\componentsdll\componentsdll\particlecomponent.cpp(60): warning C4244: '+=' : conversion from 'double' to 'float', possible loss of data
     1>c:\users\ryan\documents\visual studio 2013\projects\componentsdll\componentsdll\particlecomponent.cpp(61): warning C4244: '+=' : conversion from 'double' to 'float', possible loss of data
         Generating Code...
         Compiling...
         ParticleContact.cpp
         Generating Code...
       Link:
         C:\Program Files (x86)\Microsoft Visual Studio 12.0\VC\bin\link.exe /ERRORREPORT:PROMPT /OUT:"C:\Users\Ryan\Documents\Visual Studio 2013\Projects\ComponentsDll\Debug\ComponentsDll.dll" /INCREMENTAL /NOLOGO kernel32.lib user32.lib gdi32.lib winspool.lib comdlg32.lib advapi32.lib shell32.lib ole32.lib oleaut32.lib uuid.lib odbc32.lib odbccp32.lib /MANIFEST /MANIFESTUAC:"level='asInvoker' uiAccess='false'" /manifest:embed /DEBUG /PDB:"C:\Users\Ryan\Documents\Visual Studio 2013\Projects\ComponentsDll\Debug\ComponentsDll.pdb" /SUBSYSTEM:WINDOWS /TLBID:1 /DYNAMICBASE /NXCOMPAT /IMPLIB:"C:\Users\Ryan\Documents\Visual Studio 2013\Projects\ComponentsDll\Debug\ComponentsDll.lib" /MACHINE:X86 /DLL Debug\AppearanceComponent.obj
         Debug\ComponentsDll.obj
         Debug\dllmain.obj
         Debug\ParticleComponent.obj
         Debug\ParticleContact.obj
         Debug\stdafx.obj
         Debug\TransformComponent.obj
         Debug\Vector3.obj
            Creating library C:\Users\Ryan\Documents\Visual Studio 2013\Projects\ComponentsDll\Debug\ComponentsDll.lib and object C:\Users\Ryan\Documents\Visual Studio 2013\Projects\ComponentsDll\Debug\ComponentsDll.exp
         ComponentsDll.vcxproj -> C:\Users\Ryan\Documents\Visual Studio 2013\Projects\ComponentsDll\Debug\ComponentsDll.dll
     1>Done Building Project "C:\Users\Ryan\Documents\Visual Studio 2013\Projects\ComponentsDll\ComponentsDll\ComponentsDll.vcxproj" (Build target(s)).

Build succeeded.

Time Elapsed 00:00:16.53
