c:\users\ryan\documents\visual studio 2013\projects\componentsdll\componentsdll\debug\componentsdll.pch
c:\users\ryan\documents\visual studio 2013\projects\componentsdll\componentsdll\debug\vc120.pdb
c:\users\ryan\documents\visual studio 2013\projects\componentsdll\componentsdll\debug\vc120.idb
c:\users\ryan\documents\visual studio 2013\projects\componentsdll\componentsdll\debug\stdafx.obj
c:\users\ryan\documents\visual studio 2013\projects\componentsdll\componentsdll\debug\appearancecomponent.obj
c:\users\ryan\documents\visual studio 2013\projects\componentsdll\componentsdll\debug\componentsdll.obj
c:\users\ryan\documents\visual studio 2013\projects\componentsdll\componentsdll\debug\particlecomponent.obj
c:\users\ryan\documents\visual studio 2013\projects\componentsdll\componentsdll\debug\transformcomponent.obj
c:\users\ryan\documents\visual studio 2013\projects\componentsdll\componentsdll\debug\dllmain.obj
c:\users\ryan\documents\visual studio 2013\projects\componentsdll\componentsdll\debug\particlecontact.obj
c:\users\ryan\documents\visual studio 2013\projects\componentsdll\componentsdll\debug\vector3.obj
c:\users\ryan\documents\visual studio 2013\projects\componentsdll\debug\componentsdll.lib
c:\users\ryan\documents\visual studio 2013\projects\componentsdll\debug\componentsdll.exp
c:\users\ryan\documents\visual studio 2013\projects\componentsdll\debug\componentsdll.pdb
c:\users\ryan\documents\visual studio 2013\projects\componentsdll\componentsdll\debug\componentsdll.tlog\cl.command.1.tlog
c:\users\ryan\documents\visual studio 2013\projects\componentsdll\componentsdll\debug\componentsdll.tlog\cl.read.1.tlog
c:\users\ryan\documents\visual studio 2013\projects\componentsdll\componentsdll\debug\componentsdll.tlog\cl.write.1.tlog
c:\users\ryan\documents\visual studio 2013\projects\componentsdll\componentsdll\debug\componentsdll.tlog\componentsdll.write.1u.tlog
c:\users\ryan\documents\visual studio 2013\projects\componentsdll\componentsdll\debug\componentsdll.tlog\link.command.1.tlog
c:\users\ryan\documents\visual studio 2013\projects\componentsdll\componentsdll\debug\componentsdll.tlog\link.read.1.tlog
c:\users\ryan\documents\visual studio 2013\projects\componentsdll\componentsdll\debug\componentsdll.tlog\link.write.1.tlog
